<?xml version="1.0" encoding="UTF-8"?>
<!-- Generated by org.testng.reporters.JUnitReportReporter -->
<testsuite skipped="0" hostname="DESKTOP-5U2AP0G" name="Tests.MedicationsTest" tests="2" failures="0" timestamp="07 Nov 2017 20:37:40 GMT" time="122.783" errors="0">
  <testcase name="getpatientmedical" time="58.226" classname="Tests.MedicationsTest"/>
  <testcase name="getpatientmedical" time="64.557" classname="Tests.MedicationsTest"/>
</testsuite> <!-- Tests.MedicationsTest -->
