<?xml version="1.0" encoding="UTF-8"?>
<!-- Generated by org.testng.reporters.JUnitReportReporter -->
<testsuite skipped="0" hostname="DESKTOP-5U2AP0G" name="Tests.EditProfileTest" tests="7" failures="0" timestamp="07 Nov 2017 07:40:22 GMT" time="193.572" errors="0">
  <testcase name="AssignValues" time="22.602" classname="Tests.EditProfileTest"/>
  <testcase name="AssignValues" time="30.283" classname="Tests.EditProfileTest"/>
  <testcase name="AssignValues" time="18.656" classname="Tests.EditProfileTest"/>
  <testcase name="AssignValues" time="24.456" classname="Tests.EditProfileTest"/>
  <testcase name="AssignValues" time="30.867" classname="Tests.EditProfileTest"/>
  <testcase name="AssignValues" time="46.173" classname="Tests.EditProfileTest"/>
  <testcase name="AssignValues" time="20.535" classname="Tests.EditProfileTest"/>
</testsuite> <!-- Tests.EditProfileTest -->
