<?xml version="1.0" encoding="UTF-8"?>
<!-- Generated by org.testng.reporters.JUnitReportReporter -->
<testsuite skipped="0" hostname="DESKTOP-5U2AP0G" name="Tests.RegisterPageTesting" tests="4" failures="0" timestamp="07 Oct 2017 05:41:18 GMT" time="14.507" errors="0">
  <testcase name="AssignValues" time="2.703" classname="Tests.RegisterPageTesting"/>
  <testcase name="AssignValues" time="2.600" classname="Tests.RegisterPageTesting"/>
  <testcase name="AssignValues" time="2.937" classname="Tests.RegisterPageTesting"/>
  <testcase name="AssignValues" time="6.267" classname="Tests.RegisterPageTesting"/>
</testsuite> <!-- Tests.RegisterPageTesting -->
