<?xml version="1.0" encoding="UTF-8"?>
<!-- Generated by org.testng.reporters.JUnitReportReporter -->
<testsuite skipped="0" hostname="DESKTOP-QBMR24K" name="Tests.test" tests="1" failures="0" timestamp="30 Sep 2017 21:21:48 GMT" time="0.046" errors="0">
  <testcase name="f" time="0.046" classname="Tests.test"/>
</testsuite> <!-- Tests.test -->
