<?xml version="1.0" encoding="UTF-8"?>
<!-- Generated by org.testng.reporters.JUnitReportReporter -->
<testsuite skipped="0" hostname="DESKTOP-5U2AP0G" name="Tests.OrdersTest" tests="1" failures="0" timestamp="08 Nov 2017 02:02:17 GMT" time="209.981" errors="0">
  <testcase name="getpatientmedical" time="209.981" classname="Tests.OrdersTest"/>
</testsuite> <!-- Tests.OrdersTest -->
