<?xml version="1.0" encoding="UTF-8"?>
<!-- Generated by org.testng.reporters.JUnitReportReporter -->
<testsuite skipped="0" hostname="DESKTOP-5U2AP0G" name="Tests.PersonalHistoryTest" tests="1" failures="0" timestamp="06 Nov 2017 19:39:39 GMT" time="70.771" errors="0">
  <testcase name="getpatientmedical" time="70.771" classname="Tests.PersonalHistoryTest"/>
</testsuite> <!-- Tests.PersonalHistoryTest -->
